<?xml version="1.0" encoding="UTF-8"?>
<testsuite xmlns:xsi="http://www.w3.org/2001/XMLSchema-instance" xsi:noNamespaceSchemaLocation="https://maven.apache.org/surefire/maven-surefire-plugin/xsd/surefire-test-report.xsd" name="com.student.information.system.service.StudentServiceTest" time="0.114" tests="6" errors="0" skipped="0" failures="0">
  <properties>
[...]
</properties>
  <testcase name="testFindAll_thenStudentListShouldBeReturned" classname="com.student.information.system.service.StudentServiceTest" time="0.004"/>
  <testcase name="testFindAllByOrderByGpaDesc_thenStudentsShouldBeReturned_byGPADesc" classname="com.student.information.system.service.StudentServiceTest" time="0.001"/>
  <testcase name="testFindByEmail_thenYigitShouldBeReturned" classname="com.student.information.system.service.StudentServiceTest" time="0.001"/>
  <testcase name="testFindByStudentNumber23_thenRagcrixShouldBeReturned" classname="com.student.information.system.service.StudentServiceTest" time="0.002"/>
  <testcase name="testSaveOrUpdateStudent_thenStudentShouldBeReturned" classname="com.student.information.system.service.StudentServiceTest" time="0.002"/>
  <testcase name="testDeleteStudentById" classname="com.student.information.system.service.StudentServiceTest" time="0.01"/>
</testsuite>